<?xml version="1.0" encoding="UTF-8"?>
<!-- Generated by org.testng.reporters.JUnitReportReporter -->
<testsuite hostname="DESKTOP-SRMQ6T6" failures="0" tests="1" name="uk.co.automationtesting.OrderCompleteTest" time="37.544" errors="0" timestamp="2024-03-24T14:27:37 AEDT" skipped="0">
  <testcase classname="uk.co.automationtesting.OrderCompleteTest" name="endToEndTest" time="37.544"/>
  <system-out/>
</testsuite> <!-- uk.co.automationtesting.OrderCompleteTest -->
