<?xml version="1.0" encoding="UTF-8"?>
<!-- Generated by org.testng.reporters.JUnitReportReporter -->
<testsuite hostname="DESKTOP-SRMQ6T6" failures="0" tests="1" name="uk.co.automationtesting.AddRemoveItemBasketTest" time="31.307" errors="0" timestamp="2024-03-24T14:27:37 AEDT" skipped="0">
  <testcase classname="uk.co.automationtesting.AddRemoveItemBasketTest" name="addRemoveItem" time="31.307"/>
  <system-out/>
</testsuite> <!-- uk.co.automationtesting.AddRemoveItemBasketTest -->
