<?xml version="1.0" encoding="UTF-8"?>
<!-- Generated by org.testng.reporters.JUnitReportReporter -->
<testsuite hostname="DESKTOP-SRMQ6T6" failures="0" tests="1" name="uk.co.automationtesting.OrderCompleteTest" time="22.730" errors="0" timestamp="2024-03-17T16:08:05 AEDT" skipped="0">
  <testcase classname="uk.co.automationtesting.OrderCompleteTest" name="endToEndTest" time="22.730"/>
  <system-out/>
</testsuite> <!-- uk.co.automationtesting.OrderCompleteTest -->
